<?xml version="1.0" encoding="UTF-8"?>
<testng-results ignored="0" total="1" passed="1" failed="0" skipped="0">
  <reporter-output>
  </reporter-output>
  <suite started-at="2022-05-15T12:56:30 CDT" name="Default suite" finished-at="2022-05-15T12:56:35 CDT" duration-ms="5431">
    <groups>
    </groups>
    <test started-at="2022-05-15T12:56:30 CDT" name="Default test" finished-at="2022-05-15T12:56:35 CDT" duration-ms="5431">
      <class name="test.DashboardTest">
        <test-method signature="ValidUserShouldBeAbleTologinTest()[pri:0, instance:test.DashboardTest@7671cb68]" started-at="2022-05-15T12:56:30 CDT" name="ValidUserShouldBeAbleTologinTest" finished-at="2022-05-15T12:56:35 CDT" duration-ms="5391" status="PASS">
          <reporter-output>
          </reporter-output>
        </test-method> <!-- ValidUserShouldBeAbleTologinTest -->
      </class> <!-- test.DashboardTest -->
    </test> <!-- Default test -->
  </suite> <!-- Default suite -->
</testng-results>
